<?xml version="1.0" encoding="UTF-8"?>
<coverage generated="1710809997401" clover="3.2.0">
  <project timestamp="1710809997401" name="All files">
    <metrics statements="110" coveredstatements="92" conditionals="42" coveredconditionals="35" methods="34" coveredmethods="27" elements="186" coveredelements="154" complexity="0" loc="110" ncloc="110" packages="1" files="2" classes="2"/>
    <file name="problems_js.js" path="/Users/joonluther/CIS-3500/homework-1-javascript-typescript-finger-exercises-joon-luther-main/js_ts/problems_js.js">
      <metrics statements="56" coveredstatements="41" conditionals="22" coveredconditionals="17" methods="24" coveredmethods="17"/>
      <line num="58" count="12" type="cond" truecount="3" falsecount="0"/>
      <line num="59" count="2" type="stmt"/>
      <line num="80" count="6" type="stmt"/>
      <line num="81" count="1" type="stmt"/>
      <line num="82" count="4" type="cond" truecount="4" falsecount="0"/>
      <line num="83" count="4" type="stmt"/>
      <line num="106" count="1" type="stmt"/>
      <line num="107" count="1" type="stmt"/>
      <line num="108" count="1" type="stmt"/>
      <line num="109" count="1" type="stmt"/>
      <line num="111" count="1" type="cond" truecount="1" falsecount="1"/>
      <line num="112" count="1" type="stmt"/>
      <line num="114" count="1" type="stmt"/>
      <line num="120" count="1" type="stmt"/>
      <line num="121" count="1" type="stmt"/>
      <line num="122" count="1" type="stmt"/>
      <line num="123" count="1" type="stmt"/>
      <line num="124" count="1" type="stmt"/>
      <line num="144" count="3" type="stmt"/>
      <line num="147" count="3" type="stmt"/>
      <line num="149" count="3" type="stmt"/>
      <line num="167" count="1" type="stmt"/>
      <line num="169" count="1" type="stmt"/>
      <line num="172" count="1" type="stmt"/>
      <line num="196" count="0" type="stmt"/>
      <line num="197" count="0" type="stmt"/>
      <line num="198" count="0" type="stmt"/>
      <line num="203" count="1" type="stmt"/>
      <line num="205" count="1" type="stmt"/>
      <line num="206" count="1" type="stmt"/>
      <line num="209" count="0" type="cond" truecount="0" falsecount="2"/>
      <line num="210" count="0" type="stmt"/>
      <line num="214" count="1" type="stmt"/>
      <line num="215" count="1" type="stmt"/>
      <line num="216" count="0" type="stmt"/>
      <line num="217" count="0" type="stmt"/>
      <line num="218" count="0" type="stmt"/>
      <line num="219" count="0" type="stmt"/>
      <line num="220" count="0" type="stmt"/>
      <line num="222" count="0" type="stmt"/>
      <line num="223" count="0" type="stmt"/>
      <line num="225" count="0" type="stmt"/>
      <line num="228" count="1" type="cond" truecount="1" falsecount="1"/>
      <line num="229" count="1" type="stmt"/>
      <line num="283" count="3" type="stmt"/>
      <line num="284" count="3" type="cond" truecount="4" falsecount="1"/>
      <line num="285" count="0" type="stmt"/>
      <line num="286" count="0" type="stmt"/>
      <line num="289" count="3" type="cond" truecount="2" falsecount="0"/>
      <line num="290" count="3" type="cond" truecount="2" falsecount="0"/>
      <line num="291" count="2" type="stmt"/>
      <line num="293" count="1" type="stmt"/>
      <line num="294" count="1" type="stmt"/>
      <line num="296" count="1" type="stmt"/>
      <line num="297" count="1" type="stmt"/>
      <line num="328" count="1" type="stmt"/>
    </file>
    <file name="problems_ts.ts" path="/Users/joonluther/CIS-3500/homework-1-javascript-typescript-finger-exercises-joon-luther-main/js_ts/problems_ts.ts">
      <metrics statements="54" coveredstatements="51" conditionals="20" coveredconditionals="18" methods="10" coveredmethods="10"/>
      <line num="28" count="1" type="stmt"/>
      <line num="45" count="1" type="stmt"/>
      <line num="46" count="3" type="stmt"/>
      <line num="74" count="3" type="cond" truecount="1" falsecount="1"/>
      <line num="75" count="3" type="cond" truecount="2" falsecount="0"/>
      <line num="76" count="2" type="stmt"/>
      <line num="78" count="1" type="stmt"/>
      <line num="84" count="2" type="stmt"/>
      <line num="85" count="2" type="stmt"/>
      <line num="86" count="2" type="stmt"/>
      <line num="87" count="3" type="stmt"/>
      <line num="88" count="3" type="stmt"/>
      <line num="89" count="2" type="stmt"/>
      <line num="91" count="1" type="stmt"/>
      <line num="94" count="2" type="stmt"/>
      <line num="116" count="5" type="cond" truecount="2" falsecount="0"/>
      <line num="117" count="1" type="stmt"/>
      <line num="118" count="4" type="cond" truecount="2" falsecount="0"/>
      <line num="119" count="2" type="stmt"/>
      <line num="121" count="2" type="stmt"/>
      <line num="128" count="3" type="stmt"/>
      <line num="141" count="1" type="stmt"/>
      <line num="142" count="1" type="stmt"/>
      <line num="143" count="3" type="stmt"/>
      <line num="144" count="3" type="stmt"/>
      <line num="146" count="1" type="stmt"/>
      <line num="163" count="2" type="cond" truecount="2" falsecount="0"/>
      <line num="164" count="1" type="stmt"/>
      <line num="166" count="1" type="stmt"/>
      <line num="190" count="4" type="cond" truecount="1" falsecount="1"/>
      <line num="191" count="0" type="stmt"/>
      <line num="192" count="4" type="cond" truecount="2" falsecount="0"/>
      <line num="193" count="1" type="stmt"/>
      <line num="195" count="3" type="cond" truecount="2" falsecount="0"/>
      <line num="196" count="2" type="stmt"/>
      <line num="198" count="1" type="stmt"/>
      <line num="237" count="2" type="stmt"/>
      <line num="238" count="2" type="stmt"/>
      <line num="239" count="2" type="stmt"/>
      <line num="241" count="2" type="stmt"/>
      <line num="242" count="2" type="stmt"/>
      <line num="244" count="2" type="stmt"/>
      <line num="246" count="2" type="stmt"/>
      <line num="247" count="2" type="stmt"/>
      <line num="249" count="2" type="stmt"/>
      <line num="250" count="500" type="stmt"/>
      <line num="251" count="500" type="stmt"/>
      <line num="253" count="500" type="cond" truecount="4" falsecount="0"/>
      <line num="254" count="17" type="stmt"/>
      <line num="255" count="17" type="stmt"/>
      <line num="260" count="2" type="stmt"/>
      <line num="263" count="0" type="stmt"/>
      <line num="264" count="0" type="stmt"/>
      <line num="268" count="1" type="stmt"/>
    </file>
  </project>
</coverage>
