{"/Users/joonluther/CIS-3500/homework-1-javascript-typescript-finger-exercises-joon-luther-main/js_ts/problems_js.js": {"path":"/Users/joonluther/CIS-3500/homework-1-javascript-typescript-finger-exercises-joon-luther-main/js_ts/problems_js.js","statementMap":{"0":{"start":{"line":58,"column":17},"end":{"line":58,"column":124}},"1":{"start":{"line":58,"column":41},"end":{"line":58,"column":122}},"2":{"start":{"line":59,"column":2},"end":{"line":59,"column":16}},"3":{"start":{"line":80,"column":17},"end":{"line":80,"column":60}},"4":{"start":{"line":80,"column":40},"end":{"line":80,"column":59}},"5":{"start":{"line":81,"column":2},"end":{"line":84,"column":58}},"6":{"start":{"line":82,"column":4},"end":{"line":82,"column":93}},"7":{"start":{"line":83,"column":4},"end":{"line":83,"column":15}},"8":{"start":{"line":106,"column":15},"end":{"line":106,"column":19}},"9":{"start":{"line":107,"column":18},"end":{"line":107,"column":45}},"10":{"start":{"line":108,"column":22},"end":{"line":108,"column":37}},"11":{"start":{"line":109,"column":20},"end":{"line":109,"column":34}},"12":{"start":{"line":111,"column":4},"end":{"line":111,"column":43}},"13":{"start":{"line":111,"column":16},"end":{"line":111,"column":43}},"14":{"start":{"line":112,"column":4},"end":{"line":112,"column":19}},"15":{"start":{"line":114,"column":2},"end":{"line":114,"column":38}},"16":{"start":{"line":120,"column":2},"end":{"line":120,"column":15}},"17":{"start":{"line":121,"column":2},"end":{"line":121,"column":9}},"18":{"start":{"line":122,"column":15},"end":{"line":122,"column":31}},"19":{"start":{"line":123,"column":2},"end":{"line":123,"column":13}},"20":{"start":{"line":124,"column":2},"end":{"line":124,"column":16}},"21":{"start":{"line":144,"column":16},"end":{"line":144,"column":23}},"22":{"start":{"line":147,"column":4},"end":{"line":147,"column":34}},"23":{"start":{"line":149,"column":2},"end":{"line":149,"column":26}},"24":{"start":{"line":167,"column":15},"end":{"line":167,"column":17}},"25":{"start":{"line":169,"column":0},"end":{"line":169,"column":24}},"26":{"start":{"line":172,"column":0},"end":{"line":174,"column":3}},"27":{"start":{"line":196,"column":2},"end":{"line":199,"column":5}},"28":{"start":{"line":197,"column":22},"end":{"line":197,"column":57}},"29":{"start":{"line":198,"column":4},"end":{"line":198,"column":23}},"30":{"start":{"line":203,"column":2},"end":{"line":231,"column":5}},"31":{"start":{"line":205,"column":20},"end":{"line":205,"column":22}},"32":{"start":{"line":206,"column":20},"end":{"line":206,"column":21}},"33":{"start":{"line":209,"column":6},"end":{"line":211,"column":7}},"34":{"start":{"line":210,"column":10},"end":{"line":210,"column":27}},"35":{"start":{"line":214,"column":16},"end":{"line":214,"column":17}},"36":{"start":{"line":215,"column":4},"end":{"line":226,"column":7}},"37":{"start":{"line":216,"column":8},"end":{"line":216,"column":36}},"38":{"start":{"line":217,"column":8},"end":{"line":224,"column":11}},"39":{"start":{"line":218,"column":12},"end":{"line":218,"column":36}},"40":{"start":{"line":219,"column":12},"end":{"line":219,"column":24}},"41":{"start":{"line":220,"column":12},"end":{"line":220,"column":30}},"42":{"start":{"line":222,"column":12},"end":{"line":222,"column":26}},"43":{"start":{"line":223,"column":12},"end":{"line":223,"column":26}},"44":{"start":{"line":225,"column":8},"end":{"line":225,"column":16}},"45":{"start":{"line":228,"column":4},"end":{"line":230,"column":5}},"46":{"start":{"line":229,"column":8},"end":{"line":229,"column":25}},"47":{"start":{"line":283,"column":2},"end":{"line":299,"column":4}},"48":{"start":{"line":284,"column":4},"end":{"line":287,"column":5}},"49":{"start":{"line":285,"column":6},"end":{"line":285,"column":45}},"50":{"start":{"line":286,"column":6},"end":{"line":286,"column":13}},"51":{"start":{"line":289,"column":29},"end":{"line":289,"column":84}},"52":{"start":{"line":290,"column":4},"end":{"line":298,"column":5}},"53":{"start":{"line":291,"column":8},"end":{"line":291,"column":51}},"54":{"start":{"line":293,"column":18},"end":{"line":293,"column":20}},"55":{"start":{"line":294,"column":18},"end":{"line":294,"column":19}},"56":{"start":{"line":296,"column":25},"end":{"line":296,"column":26}},"57":{"start":{"line":297,"column":8},"end":{"line":297,"column":102}},"58":{"start":{"line":297,"column":25},"end":{"line":297,"column":83}},"59":{"start":{"line":328,"column":0},"end":{"line":338,"column":1}}},"fnMap":{"0":{"name":"compareCountries","decl":{"start":{"line":56,"column":9},"end":{"line":56,"column":25}},"loc":{"start":{"line":56,"column":58},"end":{"line":60,"column":1}},"line":56},"1":{"name":"(anonymous_1)","decl":{"start":{"line":58,"column":29},"end":{"line":58,"column":30}},"loc":{"start":{"line":58,"column":41},"end":{"line":58,"column":122}},"line":58},"2":{"name":"largestEmitterForYear","decl":{"start":{"line":78,"column":9},"end":{"line":78,"column":30}},"loc":{"start":{"line":78,"column":43},"end":{"line":85,"column":1}},"line":78},"3":{"name":"(anonymous_3)","decl":{"start":{"line":80,"column":29},"end":{"line":80,"column":30}},"loc":{"start":{"line":80,"column":40},"end":{"line":80,"column":59}},"line":80},"4":{"name":"(anonymous_4)","decl":{"start":{"line":81,"column":23},"end":{"line":81,"column":24}},"loc":{"start":{"line":81,"column":40},"end":{"line":84,"column":3}},"line":81},"5":{"name":"Box","decl":{"start":{"line":105,"column":9},"end":{"line":105,"column":12}},"loc":{"start":{"line":105,"column":15},"end":{"line":115,"column":1}},"line":105},"6":{"name":"unlock","decl":{"start":{"line":108,"column":11},"end":{"line":108,"column":17}},"loc":{"start":{"line":108,"column":20},"end":{"line":108,"column":39}},"line":108},"7":{"name":"lock","decl":{"start":{"line":109,"column":11},"end":{"line":109,"column":15}},"loc":{"start":{"line":109,"column":18},"end":{"line":109,"column":36}},"line":109},"8":{"name":"getContent","decl":{"start":{"line":110,"column":11},"end":{"line":110,"column":21}},"loc":{"start":{"line":110,"column":24},"end":{"line":113,"column":3}},"line":110},"9":{"name":"withBoxUnlocked","decl":{"start":{"line":118,"column":9},"end":{"line":118,"column":24}},"loc":{"start":{"line":118,"column":36},"end":{"line":125,"column":1}},"line":118},"10":{"name":"Transaction","decl":{"start":{"line":143,"column":9},"end":{"line":143,"column":20}},"loc":{"start":{"line":143,"column":30},"end":{"line":150,"column":1}},"line":143},"11":{"name":"storeDetails","decl":{"start":{"line":145,"column":11},"end":{"line":145,"column":23}},"loc":{"start":{"line":145,"column":26},"end":{"line":148,"column":3}},"line":145},"12":{"name":"getRandomNumberPromise","decl":{"start":{"line":195,"column":9},"end":{"line":195,"column":31}},"loc":{"start":{"line":195,"column":34},"end":{"line":200,"column":1}},"line":195},"13":{"name":"(anonymous_13)","decl":{"start":{"line":196,"column":21},"end":{"line":196,"column":22}},"loc":{"start":{"line":196,"column":42},"end":{"line":199,"column":3}},"line":196},"14":{"name":"promiseAll","decl":{"start":{"line":202,"column":9},"end":{"line":202,"column":19}},"loc":{"start":{"line":202,"column":33},"end":{"line":232,"column":1}},"line":202},"15":{"name":"(anonymous_15)","decl":{"start":{"line":203,"column":21},"end":{"line":203,"column":22}},"loc":{"start":{"line":203,"column":42},"end":{"line":231,"column":3}},"line":203},"16":{"name":"checkCompletion","decl":{"start":{"line":208,"column":13},"end":{"line":208,"column":28}},"loc":{"start":{"line":208,"column":31},"end":{"line":212,"column":5}},"line":208},"17":{"name":"(anonymous_17)","decl":{"start":{"line":215,"column":24},"end":{"line":215,"column":25}},"loc":{"start":{"line":215,"column":37},"end":{"line":226,"column":5}},"line":215},"18":{"name":"(anonymous_18)","decl":{"start":{"line":217,"column":21},"end":{"line":217,"column":22}},"loc":{"start":{"line":217,"column":31},"end":{"line":221,"column":9}},"line":217},"19":{"name":"(anonymous_19)","decl":{"start":{"line":221,"column":17},"end":{"line":221,"column":18}},"loc":{"start":{"line":221,"column":26},"end":{"line":224,"column":9}},"line":221},"20":{"name":"unreliableCallProm","decl":{"start":{"line":280,"column":9},"end":{"line":280,"column":27}},"loc":{"start":{"line":280,"column":52},"end":{"line":300,"column":1}},"line":280},"21":{"name":"(anonymous_21)","decl":{"start":{"line":283,"column":21},"end":{"line":283,"column":22}},"loc":{"start":{"line":283,"column":42},"end":{"line":299,"column":3}},"line":283},"22":{"name":"(anonymous_22)","decl":{"start":{"line":297,"column":19},"end":{"line":297,"column":20}},"loc":{"start":{"line":297,"column":25},"end":{"line":297,"column":83}},"line":297},"23":{"name":"shouldWaitForCall","decl":{"start":{"line":322,"column":9},"end":{"line":322,"column":26}},"loc":{"start":{"line":322,"column":51},"end":{"line":324,"column":1}},"line":322}},"branchMap":{"0":{"loc":{"start":{"line":58,"column":41},"end":{"line":58,"column":122}},"type":"binary-expr","locations":[{"start":{"line":58,"column":41},"end":{"line":58,"column":60}},{"start":{"line":58,"column":65},"end":{"line":58,"column":91}},{"start":{"line":58,"column":95},"end":{"line":58,"column":121}}],"line":58},"1":{"loc":{"start":{"line":82,"column":10},"end":{"line":82,"column":92}},"type":"cond-expr","locations":[{"start":{"line":82,"column":81},"end":{"line":82,"column":86}},{"start":{"line":82,"column":89},"end":{"line":82,"column":92}}],"line":82},"2":{"loc":{"start":{"line":82,"column":11},"end":{"line":82,"column":77}},"type":"binary-expr","locations":[{"start":{"line":82,"column":11},"end":{"line":82,"column":28}},{"start":{"line":82,"column":32},"end":{"line":82,"column":77}}],"line":82},"3":{"loc":{"start":{"line":111,"column":4},"end":{"line":111,"column":43}},"type":"if","locations":[{"start":{"line":111,"column":4},"end":{"line":111,"column":43}},{"start":{},"end":{}}],"line":111},"4":{"loc":{"start":{"line":209,"column":6},"end":{"line":211,"column":7}},"type":"if","locations":[{"start":{"line":209,"column":6},"end":{"line":211,"column":7}},{"start":{},"end":{}}],"line":209},"5":{"loc":{"start":{"line":228,"column":4},"end":{"line":230,"column":5}},"type":"if","locations":[{"start":{"line":228,"column":4},"end":{"line":230,"column":5}},{"start":{},"end":{}}],"line":228},"6":{"loc":{"start":{"line":284,"column":4},"end":{"line":287,"column":5}},"type":"if","locations":[{"start":{"line":284,"column":4},"end":{"line":287,"column":5}},{"start":{},"end":{}}],"line":284},"7":{"loc":{"start":{"line":284,"column":8},"end":{"line":284,"column":88}},"type":"binary-expr","locations":[{"start":{"line":284,"column":8},"end":{"line":284,"column":26}},{"start":{"line":284,"column":30},"end":{"line":284,"column":53}},{"start":{"line":284,"column":57},"end":{"line":284,"column":88}}],"line":284},"8":{"loc":{"start":{"line":289,"column":29},"end":{"line":289,"column":84}},"type":"cond-expr","locations":[{"start":{"line":289,"column":57},"end":{"line":289,"column":70}},{"start":{"line":289,"column":73},"end":{"line":289,"column":84}}],"line":289},"9":{"loc":{"start":{"line":290,"column":4},"end":{"line":298,"column":5}},"type":"if","locations":[{"start":{"line":290,"column":4},"end":{"line":298,"column":5}},{"start":{"line":292,"column":11},"end":{"line":298,"column":5}}],"line":290}},"s":{"0":2,"1":12,"2":2,"3":1,"4":6,"5":1,"6":4,"7":4,"8":1,"9":1,"10":1,"11":1,"12":1,"13":0,"14":1,"15":1,"16":1,"17":1,"18":1,"19":1,"20":1,"21":3,"22":3,"23":3,"24":1,"25":1,"26":1,"27":0,"28":0,"29":0,"30":1,"31":1,"32":1,"33":0,"34":0,"35":1,"36":1,"37":0,"38":0,"39":0,"40":0,"41":0,"42":0,"43":0,"44":0,"45":1,"46":1,"47":3,"48":3,"49":0,"50":0,"51":3,"52":3,"53":2,"54":1,"55":1,"56":1,"57":1,"58":1,"59":1},"f":{"0":2,"1":12,"2":1,"3":6,"4":4,"5":1,"6":1,"7":1,"8":1,"9":1,"10":3,"11":3,"12":0,"13":0,"14":1,"15":1,"16":0,"17":0,"18":0,"19":0,"20":3,"21":3,"22":1,"23":0},"b":{"0":[12,4,3],"1":[2,2],"2":[4,4],"3":[0,1],"4":[0,0],"5":[1,0],"6":[0,3],"7":[3,3,3],"8":[1,2],"9":[2,1]},"_coverageSchema":"1a1c01bbd47fc00a2c39e90264f33305004495a9","hash":"9ef84766f7201d3021dc9ab8734ea24bdb1f66c5"}
,"/Users/joonluther/CIS-3500/homework-1-javascript-typescript-finger-exercises-joon-luther-main/js_ts/problems_ts.ts": {"path":"/Users/joonluther/CIS-3500/homework-1-javascript-typescript-finger-exercises-joon-luther-main/js_ts/problems_ts.ts","statementMap":{"0":{"start":{"line":28,"column":14},"end":{"line":28,"column":30}},"1":{"start":{"line":45,"column":2},"end":{"line":47,"column":9}},"2":{"start":{"line":46,"column":4},"end":{"line":46,"column":28}},"3":{"start":{"line":74,"column":2},"end":{"line":74,"column":55}},"4":{"start":{"line":74,"column":17},"end":{"line":74,"column":53}},"5":{"start":{"line":75,"column":2},"end":{"line":77,"column":3}},"6":{"start":{"line":76,"column":4},"end":{"line":76,"column":17}},"7":{"start":{"line":78,"column":2},"end":{"line":78,"column":37}},"8":{"start":{"line":84,"column":13},"end":{"line":84,"column":18}},"9":{"start":{"line":85,"column":16},"end":{"line":85,"column":17}},"10":{"start":{"line":86,"column":2},"end":{"line":93,"column":3}},"11":{"start":{"line":87,"column":4},"end":{"line":92,"column":5}},"12":{"start":{"line":88,"column":6},"end":{"line":88,"column":37}},"13":{"start":{"line":89,"column":6},"end":{"line":89,"column":18}},"14":{"start":{"line":91,"column":6},"end":{"line":91,"column":19}},"15":{"start":{"line":94,"column":2},"end":{"line":94,"column":17}},"16":{"start":{"line":116,"column":2},"end":{"line":122,"column":3}},"17":{"start":{"line":117,"column":4},"end":{"line":117,"column":14}},"18":{"start":{"line":118,"column":7},"end":{"line":122,"column":3}},"19":{"start":{"line":119,"column":4},"end":{"line":119,"column":39}},"20":{"start":{"line":121,"column":4},"end":{"line":121,"column":56}},"21":{"start":{"line":128,"column":2},"end":{"line":128,"column":23}},"22":{"start":{"line":141,"column":17},"end":{"line":141,"column":19}},"23":{"start":{"line":142,"column":2},"end":{"line":145,"column":3}},"24":{"start":{"line":143,"column":4},"end":{"line":143,"column":36}},"25":{"start":{"line":144,"column":4},"end":{"line":144,"column":21}},"26":{"start":{"line":146,"column":2},"end":{"line":146,"column":16}},"27":{"start":{"line":163,"column":2},"end":{"line":167,"column":3}},"28":{"start":{"line":164,"column":4},"end":{"line":164,"column":36}},"29":{"start":{"line":166,"column":4},"end":{"line":166,"column":35}},"30":{"start":{"line":190,"column":2},"end":{"line":199,"column":3}},"31":{"start":{"line":191,"column":4},"end":{"line":191,"column":45}},"32":{"start":{"line":192,"column":7},"end":{"line":199,"column":3}},"33":{"start":{"line":193,"column":4},"end":{"line":193,"column":22}},"34":{"start":{"line":195,"column":4},"end":{"line":198,"column":47}},"35":{"start":{"line":196,"column":6},"end":{"line":196,"column":40}},"36":{"start":{"line":198,"column":6},"end":{"line":198,"column":47}},"37":{"start":{"line":237,"column":2},"end":{"line":265,"column":3}},"38":{"start":{"line":238,"column":33},"end":{"line":238,"column":82}},"39":{"start":{"line":239,"column":29},"end":{"line":239,"column":62}},"40":{"start":{"line":241,"column":28},"end":{"line":241,"column":103}},"41":{"start":{"line":242,"column":24},"end":{"line":242,"column":52}},"42":{"start":{"line":244,"column":23},"end":{"line":244,"column":42}},"43":{"start":{"line":246,"column":25},"end":{"line":246,"column":27}},"44":{"start":{"line":247,"column":19},"end":{"line":247,"column":27}},"45":{"start":{"line":249,"column":4},"end":{"line":257,"column":5}},"46":{"start":{"line":249,"column":16},"end":{"line":249,"column":17}},"47":{"start":{"line":250,"column":18},"end":{"line":250,"column":37}},"48":{"start":{"line":251,"column":26},"end":{"line":251,"column":55}},"49":{"start":{"line":253,"column":8},"end":{"line":256,"column":9}},"50":{"start":{"line":254,"column":10},"end":{"line":254,"column":31}},"51":{"start":{"line":255,"column":10},"end":{"line":255,"column":41}},"52":{"start":{"line":260,"column":4},"end":{"line":260,"column":71}},"53":{"start":{"line":263,"column":4},"end":{"line":263,"column":23}},"54":{"start":{"line":264,"column":4},"end":{"line":264,"column":16}},"55":{"start":{"line":268,"column":0},"end":{"line":278,"column":2}}},"fnMap":{"0":{"name":"flatten","decl":{"start":{"line":43,"column":9},"end":{"line":43,"column":16}},"loc":{"start":{"line":43,"column":22},"end":{"line":48,"column":1}},"line":43},"1":{"name":"(anonymous_1)","decl":{"start":{"line":45,"column":20},"end":{"line":45,"column":21}},"loc":{"start":{"line":45,"column":35},"end":{"line":47,"column":3}},"line":45},"2":{"name":"partialMultiply","decl":{"start":{"line":73,"column":9},"end":{"line":73,"column":24}},"loc":{"start":{"line":73,"column":31},"end":{"line":79,"column":1}},"line":73},"3":{"name":"retry","decl":{"start":{"line":82,"column":9},"end":{"line":82,"column":14}},"loc":{"start":{"line":82,"column":21},"end":{"line":95,"column":1}},"line":82},"4":{"name":"makeList","decl":{"start":{"line":115,"column":9},"end":{"line":115,"column":17}},"loc":{"start":{"line":115,"column":23},"end":{"line":123,"column":1}},"line":115},"5":{"name":"arrayToList","decl":{"start":{"line":126,"column":9},"end":{"line":126,"column":20}},"loc":{"start":{"line":126,"column":26},"end":{"line":129,"column":1}},"line":126},"6":{"name":"listToArray","decl":{"start":{"line":139,"column":9},"end":{"line":139,"column":20}},"loc":{"start":{"line":139,"column":27},"end":{"line":147,"column":1}},"line":139},"7":{"name":"prepend","decl":{"start":{"line":161,"column":9},"end":{"line":161,"column":16}},"loc":{"start":{"line":161,"column":28},"end":{"line":168,"column":1}},"line":161},"8":{"name":"nth","decl":{"start":{"line":188,"column":9},"end":{"line":188,"column":12}},"loc":{"start":{"line":188,"column":29},"end":{"line":200,"column":1}},"line":188},"9":{"name":"closestSizesCountries","decl":{"start":{"line":235,"column":15},"end":{"line":235,"column":36}},"loc":{"start":{"line":235,"column":46},"end":{"line":266,"column":1}},"line":235}},"branchMap":{"0":{"loc":{"start":{"line":74,"column":2},"end":{"line":74,"column":55}},"type":"if","locations":[{"start":{"line":74,"column":2},"end":{"line":74,"column":55}},{"start":{},"end":{}}],"line":74},"1":{"loc":{"start":{"line":75,"column":2},"end":{"line":77,"column":3}},"type":"if","locations":[{"start":{"line":75,"column":2},"end":{"line":77,"column":3}},{"start":{},"end":{}}],"line":75},"2":{"loc":{"start":{"line":116,"column":2},"end":{"line":122,"column":3}},"type":"if","locations":[{"start":{"line":116,"column":2},"end":{"line":122,"column":3}},{"start":{"line":118,"column":7},"end":{"line":122,"column":3}}],"line":116},"3":{"loc":{"start":{"line":118,"column":7},"end":{"line":122,"column":3}},"type":"if","locations":[{"start":{"line":118,"column":7},"end":{"line":122,"column":3}},{"start":{"line":120,"column":7},"end":{"line":122,"column":3}}],"line":118},"4":{"loc":{"start":{"line":163,"column":2},"end":{"line":167,"column":3}},"type":"if","locations":[{"start":{"line":163,"column":2},"end":{"line":167,"column":3}},{"start":{"line":165,"column":9},"end":{"line":167,"column":3}}],"line":163},"5":{"loc":{"start":{"line":190,"column":2},"end":{"line":199,"column":3}},"type":"if","locations":[{"start":{"line":190,"column":2},"end":{"line":199,"column":3}},{"start":{"line":192,"column":7},"end":{"line":199,"column":3}}],"line":190},"6":{"loc":{"start":{"line":192,"column":7},"end":{"line":199,"column":3}},"type":"if","locations":[{"start":{"line":192,"column":7},"end":{"line":199,"column":3}},{"start":{"line":194,"column":7},"end":{"line":199,"column":3}}],"line":192},"7":{"loc":{"start":{"line":195,"column":4},"end":{"line":198,"column":47}},"type":"if","locations":[{"start":{"line":195,"column":4},"end":{"line":198,"column":47}},{"start":{"line":198,"column":6},"end":{"line":198,"column":47}}],"line":195},"8":{"loc":{"start":{"line":253,"column":8},"end":{"line":256,"column":9}},"type":"if","locations":[{"start":{"line":253,"column":8},"end":{"line":256,"column":9}},{"start":{},"end":{}}],"line":253},"9":{"loc":{"start":{"line":253,"column":11},"end":{"line":253,"column":60}},"type":"binary-expr","locations":[{"start":{"line":253,"column":11},"end":{"line":253,"column":31}},{"start":{"line":253,"column":35},"end":{"line":253,"column":60}}],"line":253}},"s":{"0":1,"1":1,"2":3,"3":3,"4":0,"5":3,"6":2,"7":1,"8":2,"9":2,"10":2,"11":3,"12":3,"13":2,"14":1,"15":2,"16":5,"17":1,"18":4,"19":2,"20":2,"21":3,"22":1,"23":1,"24":3,"25":3,"26":1,"27":2,"28":1,"29":1,"30":4,"31":0,"32":4,"33":1,"34":3,"35":2,"36":1,"37":2,"38":2,"39":2,"40":2,"41":2,"42":2,"43":2,"44":2,"45":2,"46":2,"47":500,"48":500,"49":500,"50":17,"51":17,"52":2,"53":0,"54":0,"55":1},"f":{"0":1,"1":3,"2":3,"3":2,"4":5,"5":3,"6":1,"7":2,"8":4,"9":2},"b":{"0":[0,3],"1":[2,1],"2":[1,4],"3":[2,2],"4":[1,1],"5":[0,4],"6":[1,3],"7":[2,1],"8":[17,483],"9":[500,19]},"_coverageSchema":"1a1c01bbd47fc00a2c39e90264f33305004495a9","hash":"0cb0c5b71e71554c82a79867c778e2d3808cd3e6"}
}
