TN:
SF:problems_js.js
FN:56,compareCountries
FN:58,(anonymous_1)
FN:78,largestEmitterForYear
FN:80,(anonymous_3)
FN:81,(anonymous_4)
FN:105,Box
FN:108,unlock
FN:109,lock
FN:110,getContent
FN:118,withBoxUnlocked
FN:143,Transaction
FN:145,storeDetails
FN:195,getRandomNumberPromise
FN:196,(anonymous_13)
FN:202,promiseAll
FN:203,(anonymous_15)
FN:208,checkCompletion
FN:215,(anonymous_17)
FN:217,(anonymous_18)
FN:221,(anonymous_19)
FN:280,unreliableCallProm
FN:283,(anonymous_21)
FN:297,(anonymous_22)
FN:322,shouldWaitForCall
FNF:24
FNH:17
FNDA:2,compareCountries
FNDA:12,(anonymous_1)
FNDA:1,largestEmitterForYear
FNDA:6,(anonymous_3)
FNDA:4,(anonymous_4)
FNDA:1,Box
FNDA:1,unlock
FNDA:1,lock
FNDA:1,getContent
FNDA:1,withBoxUnlocked
FNDA:3,Transaction
FNDA:3,storeDetails
FNDA:0,getRandomNumberPromise
FNDA:0,(anonymous_13)
FNDA:1,promiseAll
FNDA:1,(anonymous_15)
FNDA:0,checkCompletion
FNDA:0,(anonymous_17)
FNDA:0,(anonymous_18)
FNDA:0,(anonymous_19)
FNDA:3,unreliableCallProm
FNDA:3,(anonymous_21)
FNDA:1,(anonymous_22)
FNDA:0,shouldWaitForCall
DA:58,12
DA:59,2
DA:80,6
DA:81,1
DA:82,4
DA:83,4
DA:106,1
DA:107,1
DA:108,1
DA:109,1
DA:111,1
DA:112,1
DA:114,1
DA:120,1
DA:121,1
DA:122,1
DA:123,1
DA:124,1
DA:144,3
DA:147,3
DA:149,3
DA:167,1
DA:169,1
DA:172,1
DA:196,0
DA:197,0
DA:198,0
DA:203,1
DA:205,1
DA:206,1
DA:209,0
DA:210,0
DA:214,1
DA:215,1
DA:216,0
DA:217,0
DA:218,0
DA:219,0
DA:220,0
DA:222,0
DA:223,0
DA:225,0
DA:228,1
DA:229,1
DA:283,3
DA:284,3
DA:285,0
DA:286,0
DA:289,3
DA:290,3
DA:291,2
DA:293,1
DA:294,1
DA:296,1
DA:297,1
DA:328,1
LF:56
LH:41
BRDA:58,0,0,12
BRDA:58,0,1,4
BRDA:58,0,2,3
BRDA:82,1,0,2
BRDA:82,1,1,2
BRDA:82,2,0,4
BRDA:82,2,1,4
BRDA:111,3,0,0
BRDA:111,3,1,1
BRDA:209,4,0,0
BRDA:209,4,1,0
BRDA:228,5,0,1
BRDA:228,5,1,0
BRDA:284,6,0,0
BRDA:284,6,1,3
BRDA:284,7,0,3
BRDA:284,7,1,3
BRDA:284,7,2,3
BRDA:289,8,0,1
BRDA:289,8,1,2
BRDA:290,9,0,2
BRDA:290,9,1,1
BRF:22
BRH:17
end_of_record
TN:
SF:problems_ts.ts
FN:43,flatten
FN:45,(anonymous_1)
FN:73,partialMultiply
FN:82,retry
FN:115,makeList
FN:126,arrayToList
FN:139,listToArray
FN:161,prepend
FN:188,nth
FN:235,closestSizesCountries
FNF:10
FNH:10
FNDA:1,flatten
FNDA:3,(anonymous_1)
FNDA:3,partialMultiply
FNDA:2,retry
FNDA:5,makeList
FNDA:3,arrayToList
FNDA:1,listToArray
FNDA:2,prepend
FNDA:4,nth
FNDA:2,closestSizesCountries
DA:28,1
DA:45,1
DA:46,3
DA:74,3
DA:75,3
DA:76,2
DA:78,1
DA:84,2
DA:85,2
DA:86,2
DA:87,3
DA:88,3
DA:89,2
DA:91,1
DA:94,2
DA:116,5
DA:117,1
DA:118,4
DA:119,2
DA:121,2
DA:128,3
DA:141,1
DA:142,1
DA:143,3
DA:144,3
DA:146,1
DA:163,2
DA:164,1
DA:166,1
DA:190,4
DA:191,0
DA:192,4
DA:193,1
DA:195,3
DA:196,2
DA:198,1
DA:237,2
DA:238,2
DA:239,2
DA:241,2
DA:242,2
DA:244,2
DA:246,2
DA:247,2
DA:249,2
DA:250,500
DA:251,500
DA:253,500
DA:254,17
DA:255,17
DA:260,2
DA:263,0
DA:264,0
DA:268,1
LF:54
LH:51
BRDA:74,0,0,0
BRDA:74,0,1,3
BRDA:75,1,0,2
BRDA:75,1,1,1
BRDA:116,2,0,1
BRDA:116,2,1,4
BRDA:118,3,0,2
BRDA:118,3,1,2
BRDA:163,4,0,1
BRDA:163,4,1,1
BRDA:190,5,0,0
BRDA:190,5,1,4
BRDA:192,6,0,1
BRDA:192,6,1,3
BRDA:195,7,0,2
BRDA:195,7,1,1
BRDA:253,8,0,17
BRDA:253,8,1,483
BRDA:253,9,0,500
BRDA:253,9,1,19
BRF:20
BRH:18
end_of_record
